<?xml version="1.0" encoding="UTF-8"?>
<testsuite xmlns:xsi="http://www.w3.org/2001/XMLSchema-instance" xsi:noNamespaceSchemaLocation="https://maven.apache.org/surefire/maven-surefire-plugin/xsd/surefire-test-report-3.0.xsd" version="3.0" name="com.quizzer.QuizzerApplicationTests" time="3.936" tests="1" errors="0" skipped="0" failures="0">
  <properties>
[...]
</properties>
  <testcase name="contextLoads" classname="com.quizzer.QuizzerApplicationTests" time="0.311">
    <system-out><![CDATA[08:14:32.808 [main] INFO org.springframework.test.context.support.AnnotationConfigContextLoaderUtils -- Could not detect default configuration classes for test class [com.quizzer.QuizzerApplicationTests]: QuizzerApplicationTests does not declare any static, non-private, non-final, nested classes annotated with @Configuration.
08:14:32.859 [main] INFO org.springframework.boot.test.context.SpringBootTestContextBootstrapper -- Found @SpringBootConfiguration com.quizzer.QuizzerApplication for test class com.quizzer.QuizzerApplicationTests

  .   ____          _            __ _ _
 /\\ / ___'_ __ _ _(_)_ __  __ _ \ \ \ \
( ( )\___ | '_ | '_| | '_ \/ _` | \ \ \ \
 \\/  ___)| |_)| | | | | || (_| |  ) ) ) )
  '  |____| .__|_| |_|_| |_\__, | / / / /
 =========|_|==============|___/=/_/_/_/

 :: Spring Boot ::                (v3.3.3)

2024-09-09T08:14:33.087+05:30  WARN 20417 --- [           main] ory$DuplicateJsonObjectContextCustomizer : 

Found multiple occurrences of org.json.JSONObject on the class path:

	jar:file:/Users/priyankpatel/.m2/repository/org/json/json/20240303/json-20240303.jar!/org/json/JSONObject.class
	jar:file:/Users/priyankpatel/.m2/repository/com/vaadin/external/google/android-json/0.0.20131108.vaadin1/android-json-0.0.20131108.vaadin1.jar!/org/json/JSONObject.class

You may wish to exclude one of them to ensure predictable runtime behavior

2024-09-09T08:14:33.096+05:30  INFO 20417 --- [           main] com.quizzer.QuizzerApplicationTests      : Starting QuizzerApplicationTests using Java 17.0.9 with PID 20417 (started by priyankpatel in /Users/priyankpatel/Documents/MyCode/JAVA/Quizzer)
2024-09-09T08:14:33.097+05:30  INFO 20417 --- [           main] com.quizzer.QuizzerApplicationTests      : No active profile set, falling back to 1 default profile: "default"
2024-09-09T08:14:33.605+05:30  INFO 20417 --- [           main] .s.d.r.c.RepositoryConfigurationDelegate : Multiple Spring Data modules found, entering strict repository configuration mode
2024-09-09T08:14:33.606+05:30  INFO 20417 --- [           main] .s.d.r.c.RepositoryConfigurationDelegate : Bootstrapping Spring Data JPA repositories in DEFAULT mode.
2024-09-09T08:14:33.685+05:30  INFO 20417 --- [           main] .s.d.r.c.RepositoryConfigurationDelegate : Finished Spring Data repository scanning in 74 ms. Found 7 JPA repository interfaces.
2024-09-09T08:14:34.036+05:30  INFO 20417 --- [           main] o.hibernate.jpa.internal.util.LogHelper  : HHH000204: Processing PersistenceUnitInfo [name: default]
2024-09-09T08:14:34.067+05:30  INFO 20417 --- [           main] org.hibernate.Version                    : HHH000412: Hibernate ORM core version 6.5.2.Final
2024-09-09T08:14:34.084+05:30  INFO 20417 --- [           main] o.h.c.internal.RegionFactoryInitiator    : HHH000026: Second-level cache disabled
2024-09-09T08:14:34.225+05:30  INFO 20417 --- [           main] o.s.o.j.p.SpringPersistenceUnitInfo      : No LoadTimeWeaver setup: ignoring JPA class transformer
2024-09-09T08:14:34.238+05:30  INFO 20417 --- [           main] com.zaxxer.hikari.HikariDataSource       : HikariPool-1 - Starting...
2024-09-09T08:14:34.413+05:30  INFO 20417 --- [           main] com.zaxxer.hikari.pool.HikariPool        : HikariPool-1 - Added connection org.postgresql.jdbc.PgConnection@7b795db7
2024-09-09T08:14:34.415+05:30  INFO 20417 --- [           main] com.zaxxer.hikari.HikariDataSource       : HikariPool-1 - Start completed.
2024-09-09T08:14:34.479+05:30  WARN 20417 --- [           main] org.hibernate.orm.deprecation            : HHH90000025: PostgreSQLDialect does not need to be specified explicitly using 'hibernate.dialect' (remove the property setting and it will be selected by default)
2024-09-09T08:14:35.035+05:30  INFO 20417 --- [           main] o.h.e.t.j.p.i.JtaPlatformInitiator       : HHH000489: No JTA platform available (set 'hibernate.transaction.jta.platform' to enable JTA platform integration)
2024-09-09T08:14:35.239+05:30  INFO 20417 --- [           main] j.LocalContainerEntityManagerFactoryBean : Initialized JPA EntityManagerFactory for persistence unit 'default'
2024-09-09T08:14:35.432+05:30  INFO 20417 --- [           main] o.s.d.j.r.query.QueryEnhancerFactory     : Hibernate is in classpath; If applicable, HQL parser will be used.
2024-09-09T08:14:35.942+05:30  INFO 20417 --- [           main] eAuthenticationProviderManagerConfigurer : Global AuthenticationManager configured with AuthenticationProvider bean with name authenticationProvider
2024-09-09T08:14:35.942+05:30  WARN 20417 --- [           main] r$InitializeUserDetailsManagerConfigurer : Global AuthenticationManager configured with an AuthenticationProvider bean. UserDetailsService beans will not be used for username/password login. Consider removing the AuthenticationProvider bean. Alternatively, consider using the UserDetailsService in a manually instantiated DaoAuthenticationProvider.
2024-09-09T08:14:35.960+05:30  WARN 20417 --- [           main] JpaBaseConfiguration$JpaWebConfiguration : spring.jpa.open-in-view is enabled by default. Therefore, database queries may be performed during view rendering. Explicitly configure spring.jpa.open-in-view to disable this warning
2024-09-09T08:14:36.330+05:30  INFO 20417 --- [           main] com.quizzer.QuizzerApplicationTests      : Started QuizzerApplicationTests in 3.401 seconds (process running for 3.913)
Hibernate: select q1_0.quiz_id,q1_0.created_on,q1_0.difficulty,q1_0.grade,q1_0.max_score,q1_0.subject,q1_0.total_questions,q2_0.quizzes_quiz_id,q2_0.question_id,q2_0.correct_answer,q2_0.hint,q2_0.question_text from quiz q1_0 left join question q2_0 on q1_0.quiz_id=q2_0.quizzes_quiz_id where q1_0.quiz_id=?
Optional.empty
]]></system-out>
  </testcase>
</testsuite>